<?xml version="1.0" encoding="UTF-8"?>
<!-- Generated by org.testng.reporters.JUnitXMLReporter -->
<testsuite ignored="0" hostname="DESKTOP-A8EITHO" failures="0" tests="20" name="Default test" time="31.013" errors="0" timestamp="2024-03-21T19:00:39 IST">
  <testcase classname="api.test.DataDrivenTests" name="testPostUser" time="3.703"/>
  <testcase classname="api.test.DataDrivenTests" name="testPostUser" time="1.123"/>
  <testcase classname="api.test.DataDrivenTests" name="testPostUser" time="1.204"/>
  <testcase classname="api.test.DataDrivenTests" name="testPostUser" time="1.329"/>
  <testcase classname="api.test.DataDrivenTests" name="testPostUser" time="1.128"/>
  <testcase classname="api.test.DataDrivenTests" name="testPostUser" time="1.126"/>
  <testcase classname="api.test.DataDrivenTests" name="testPostUser" time="1.735"/>
  <testcase classname="api.test.DataDrivenTests" name="testPostUser" time="1.125"/>
  <testcase classname="api.test.DataDrivenTests" name="testPostUser" time="1.135"/>
  <testcase classname="api.test.DataDrivenTests" name="testPostUser" time="1.223"/>
  <testcase classname="api.test.DataDrivenTests" name="testDeleteUser" time="1.338"/>
  <testcase classname="api.test.DataDrivenTests" name="testDeleteUser" time="1.152"/>
  <testcase classname="api.test.DataDrivenTests" name="testDeleteUser" time="1.122"/>
  <testcase classname="api.test.DataDrivenTests" name="testDeleteUser" time="1.433"/>
  <testcase classname="api.test.DataDrivenTests" name="testDeleteUser" time="1.384"/>
  <testcase classname="api.test.DataDrivenTests" name="testDeleteUser" time="1.492"/>
  <testcase classname="api.test.DataDrivenTests" name="testDeleteUser" time="1.581"/>
  <testcase classname="api.test.DataDrivenTests" name="testDeleteUser" time="1.478"/>
  <testcase classname="api.test.DataDrivenTests" name="testDeleteUser" time="1.328"/>
  <testcase classname="api.test.DataDrivenTests" name="testDeleteUser" time="1.022"/>
</testsuite> <!-- Default test -->
