<?xml version="1.0" encoding="UTF-8"?>
<testsuite xmlns:xsi="http://www.w3.org/2001/XMLSchema-instance" xsi:noNamespaceSchemaLocation="https://maven.apache.org/surefire/maven-surefire-plugin/xsd/surefire-test-report-3.0.xsd" version="3.0" name="TestSuite" time="65.418" tests="24" errors="0" skipped="0" failures="0">
  <properties>
[...]
</properties>
  <testcase name="testPostUser[1250, AnnaDay4587, Anna, Day, AnnaDay4587@gmail.com, AnnasfasfDay4587, 78456321](1)" classname="api.test.DataDrivenTests" time="4.013">
    <system-err><![CDATA[SLF4J: Failed to load class "org.slf4j.impl.StaticLoggerBinder".
SLF4J: Defaulting to no-operation (NOP) logger implementation
SLF4J: See http://www.slf4j.org/codes.html#StaticLoggerBinder for further details.
]]></system-err>
  </testcase>
  <testcase name="testPostUser[1251, AmbaHariprasad4587, Amba, Hariprasad, AmbaHariprasad4587@gmail.com, AmbaHasfasfariprasad4587, 78456322](2)" classname="api.test.DataDrivenTests" time="2.701"/>
  <testcase name="testPostUser[1252, BabitaChakrawarty4587, Babita, Chakrawarty, BabitaChakrawarty4587@gmail.com, BabitaChasfakrawarty4587, 78456323](3)" classname="api.test.DataDrivenTests" time="1.764"/>
  <testcase name="testPostUser[1253, BuntyShukla4587, Bunty, Shukla, BuntyShukla4587@gmail.com, BuntyShTRGGukla4587, 78456324](4)" classname="api.test.DataDrivenTests" time="6.338"/>
  <testcase name="testPostUser[1254, ChanduKumar4587, Chandu, Kumar, ChanduKumar4587@gmail.com, ChanduKusGEGmar4587, 78456325](5)" classname="api.test.DataDrivenTests" time="2.141"/>
  <testcase name="testPostUser[1255, ChinkiKaur4587, Chinki, Kaur, ChinkiKaur4587@gmail.com, ChinkSFGSDGiKaur4587, 78456326](6)" classname="api.test.DataDrivenTests" time="2.568"/>
  <testcase name="testPostUser[1256, DannySilvasa4587, Danny, Silvasa, DannySilvasa4587@gmail.com, DannySilvasaSEG4587, 78456327](7)" classname="api.test.DataDrivenTests" time="2.047"/>
  <testcase name="testPostUser[1257, DaisyJohnson4587, Daisy, Johnson, DaisyJohnson4587@gmail.com, DaisyJohnsSDFSFDFon4587, 78456328](8)" classname="api.test.DataDrivenTests" time="1.842"/>
  <testcase name="testPostUser[1258, ElanaMusk4587, Elana, Musk, ElanaMusk4587@gmail.com, ElanaMusksdfsd4587, 78456329](9)" classname="api.test.DataDrivenTests" time="2.865"/>
  <testcase name="testPostUser[1259, EshanKolhapuri4587, Eshan, Kolhapuri, EshanKolhapuri4587@gmail.com, EshsdffedsfanKolhapuri4587, 78456330](10)" classname="api.test.DataDrivenTests" time="2.147"/>
  <testcase name="testDeleteUser[AnnaDay4587](1)" classname="api.test.DataDrivenTests" time="2.509"/>
  <testcase name="testDeleteUser[AmbaHariprasad4587](2)" classname="api.test.DataDrivenTests" time="2.968"/>
  <testcase name="testDeleteUser[BabitaChakrawarty4587](3)" classname="api.test.DataDrivenTests" time="2.762"/>
  <testcase name="testDeleteUser[BuntyShukla4587](4)" classname="api.test.DataDrivenTests" time="1.845"/>
  <testcase name="testDeleteUser[ChanduKumar4587](5)" classname="api.test.DataDrivenTests" time="1.946"/>
  <testcase name="testDeleteUser[ChinkiKaur4587](6)" classname="api.test.DataDrivenTests" time="2.052"/>
  <testcase name="testDeleteUser[DannySilvasa4587](7)" classname="api.test.DataDrivenTests" time="2.248"/>
  <testcase name="testDeleteUser[DaisyJohnson4587](8)" classname="api.test.DataDrivenTests" time="1.839"/>
  <testcase name="testDeleteUser[ElanaMusk4587](9)" classname="api.test.DataDrivenTests" time="1.958"/>
  <testcase name="testDeleteUser[EshanKolhapuri4587](10)" classname="api.test.DataDrivenTests" time="1.847"/>
  <testcase name="testPostUser" classname="api.test.UserTests" time="2.506">
    <system-out><![CDATA[testPostUser
HTTP/1.1 200 OK
Date: Fri, 22 Mar 2024 06:45:45 GMT
Content-Type: application/json
Transfer-Encoding: chunked
Connection: keep-alive
Access-Control-Allow-Origin: *
Access-Control-Allow-Methods: GET, POST, DELETE, PUT
Access-Control-Allow-Headers: Content-Type, api_key, Authorization
Server: Jetty(9.2.9.v20150224)

{
    "code": 200,
    "type": "unknown",
    "message": "1024666550"
}
]]></system-out>
  </testcase>
  <testcase name="testGetUser" classname="api.test.UserTests" time="2.41">
    <system-out><![CDATA[testGetUser
HTTP/1.1 200 OK
Date: Fri, 22 Mar 2024 06:45:47 GMT
Content-Type: application/json
Transfer-Encoding: chunked
Connection: keep-alive
Access-Control-Allow-Origin: *
Access-Control-Allow-Methods: GET, POST, DELETE, PUT
Access-Control-Allow-Headers: Content-Type, api_key, Authorization
Server: Jetty(9.2.9.v20150224)

{
    "id": 1024666550,
    "username": "nathanael.mitchell",
    "firstName": "Jeannie",
    "lastName": "Bins",
    "email": "lovella.borer@example.com",
    "password": "n4sj3fnt",
    "phone": "(698) 240-8688",
    "userStatus": 0
}
]]></system-out>
  </testcase>
  <testcase name="testUpdateUser" classname="api.test.UserTests" time="3.311">
    <system-out><![CDATA[testUpdateUser
HTTP/1.1 200 OK
Date: Fri, 22 Mar 2024 06:45:50 GMT
Content-Type: application/json
Transfer-Encoding: chunked
Connection: keep-alive
Access-Control-Allow-Origin: *
Access-Control-Allow-Methods: GET, POST, DELETE, PUT
Access-Control-Allow-Headers: Content-Type, api_key, Authorization
Server: Jetty(9.2.9.v20150224)

{
    "code": 200,
    "type": "unknown",
    "message": "1024666550"
}
]]></system-out>
  </testcase>
  <testcase name="testDeleteUser" classname="api.test.UserTests" time="3.341">
    <system-out><![CDATA[testDeleteUser
HTTP/1.1 200 OK
Date: Fri, 22 Mar 2024 06:45:54 GMT
Content-Type: application/json
Transfer-Encoding: chunked
Connection: keep-alive
Access-Control-Allow-Origin: *
Access-Control-Allow-Methods: GET, POST, DELETE, PUT
Access-Control-Allow-Headers: Content-Type, api_key, Authorization
Server: Jetty(9.2.9.v20150224)

{
    "code": 200,
    "type": "unknown",
    "message": "nathanael.mitchell"
}
]]></system-out>
  </testcase>
</testsuite>