<?xml version="1.0" encoding="UTF-8"?>
<testng-results ignored="0" total="4" passed="4" failed="0" skipped="0">
  <reporter-output>
  </reporter-output>
  <suite started-at="2024-03-21T20:17:10 IST" name="PetSuite" finished-at="2024-03-21T20:17:19 IST" duration-ms="9438">
    <groups>
    </groups>
    <test started-at="2024-03-21T20:17:10 IST" name="PetTest" finished-at="2024-03-21T20:17:19 IST" duration-ms="9438">
      <class name="api.test.UserTests2">
        <test-method is-config="true" signature="setup()[pri:0, instance:api.test.UserTests2@4c371370]" started-at="2024-03-21T20:17:10 IST" name="setup" finished-at="2024-03-21T20:17:11 IST" duration-ms="720" status="PASS">
          <reporter-output>
          </reporter-output>
        </test-method> <!-- setup -->
        <test-method signature="testPostUser()[pri:1, instance:api.test.UserTests2@4c371370]" started-at="2024-03-21T20:17:11 IST" name="testPostUser" finished-at="2024-03-21T20:17:14 IST" duration-ms="3491" status="PASS">
          <reporter-output>
          </reporter-output>
        </test-method> <!-- testPostUser -->
        <test-method signature="testGetUser()[pri:2, instance:api.test.UserTests2@4c371370]" started-at="2024-03-21T20:17:14 IST" name="testGetUser" finished-at="2024-03-21T20:17:16 IST" duration-ms="1664" status="PASS">
          <reporter-output>
          </reporter-output>
        </test-method> <!-- testGetUser -->
        <test-method signature="testUpdateUser()[pri:3, instance:api.test.UserTests2@4c371370]" started-at="2024-03-21T20:17:16 IST" name="testUpdateUser" finished-at="2024-03-21T20:17:18 IST" duration-ms="1628" status="PASS">
          <reporter-output>
          </reporter-output>
        </test-method> <!-- testUpdateUser -->
        <test-method signature="testDeleteUser()[pri:4, instance:api.test.UserTests2@4c371370]" started-at="2024-03-21T20:17:18 IST" name="testDeleteUser" finished-at="2024-03-21T20:17:19 IST" duration-ms="1631" status="PASS">
          <reporter-output>
          </reporter-output>
        </test-method> <!-- testDeleteUser -->
      </class> <!-- api.test.UserTests2 -->
    </test> <!-- PetTest -->
  </suite> <!-- PetSuite -->
</testng-results>
